Summer Physics Model/Library/Bee/Android/Prj/IL2CPP/Gradle/launcher/build/intermediates/manifest_merge_blame_file/release/manifest-merger-blame-release-report.txt
1<?xml version="1.0" encoding="utf-8"?>
2<manifest xmlns:android="http://schemas.android.com/apk/res/android"
3    package="com.Fruitkid.Physicsmodel"
4    android:installLocation="preferExternal"
5    android:versionCode="1"
6    android:versionName="0.1" >
7
8    <uses-sdk
9        android:minSdkVersion="25"
9-->src\main\AndroidManifest.xml
10        android:targetSdkVersion="32" />
10-->src\main\AndroidManifest.xml
11
12    <supports-screens
12-->src\main\AndroidManifest.xml:4:3-163
13        android:anyDensity="true"
13-->src\main\AndroidManifest.xml:4:135-160
14        android:largeScreens="true"
14-->src\main\AndroidManifest.xml:4:78-105
15        android:normalScreens="true"
15-->src\main\AndroidManifest.xml:4:49-77
16        android:smallScreens="true"
16-->src\main\AndroidManifest.xml:4:21-48
17        android:xlargeScreens="true" />
17-->src\main\AndroidManifest.xml:4:106-134
18
19    <uses-permission android:name="android.permission.INTERNET" />
19-->[:unityLibrary] AndroidManifest.xml:10:5-67
19-->[:unityLibrary] AndroidManifest.xml:10:22-64
20
21    <uses-feature android:glEsVersion="0x00030000" />
21-->[:unityLibrary] AndroidManifest.xml:12:5-54
21-->[:unityLibrary] AndroidManifest.xml:12:19-51
22    <uses-feature
22-->[:unityLibrary] AndroidManifest.xml:13:5-15:36
23        android:name="android.hardware.touchscreen"
23-->[:unityLibrary] AndroidManifest.xml:14:9-52
24        android:required="false" />
24-->[:unityLibrary] AndroidManifest.xml:15:9-33
25    <uses-feature
25-->[:unityLibrary] AndroidManifest.xml:16:5-18:36
26        android:name="android.hardware.touchscreen.multitouch"
26-->[:unityLibrary] AndroidManifest.xml:17:9-63
27        android:required="false" />
27-->[:unityLibrary] AndroidManifest.xml:18:9-33
28    <uses-feature
28-->[:unityLibrary] AndroidManifest.xml:19:5-21:36
29        android:name="android.hardware.touchscreen.multitouch.distinct"
29-->[:unityLibrary] AndroidManifest.xml:20:9-72
30        android:required="false" />
30-->[:unityLibrary] AndroidManifest.xml:21:9-33
31
32    <uses-permission android:name="android.permission.CAMERA" />
32-->[:unityLibrary] AndroidManifest.xml:23:5-65
32-->[:unityLibrary] AndroidManifest.xml:23:22-62
33
34    <uses-feature
34-->[:unityLibrary] AndroidManifest.xml:25:5-27:35
35        android:name="android.hardware.camera.ar"
35-->[:unityLibrary] AndroidManifest.xml:26:9-50
36        android:required="true" />
36-->[:unityLibrary] AndroidManifest.xml:27:9-32
37    <uses-feature
37-->[:unityLibrary] AndroidManifest.xml:28:5-30:35
38        android:name="com.google.ar.core.depth"
38-->[:unityLibrary] AndroidManifest.xml:29:9-48
39        android:required="true" />
39-->[:unityLibrary] AndroidManifest.xml:30:9-32
40
41    <queries>
41-->[:arcore_client:] AndroidManifest.xml:29:5-31:15
42        <package android:name="com.google.ar.core" />
42-->[:arcore_client:] AndroidManifest.xml:30:9-54
42-->[:arcore_client:] AndroidManifest.xml:30:18-51
43    </queries>
44
45    <application
45-->src\main\AndroidManifest.xml:3:3-83
46        android:extractNativeLibs="true"
46-->[:unityLibrary] AndroidManifest.xml:32:18-50
47        android:icon="@mipmap/app_icon"
47-->src\main\AndroidManifest.xml:3:49-80
48        android:label="@string/app_name" >
48-->src\main\AndroidManifest.xml:3:16-48
49        <meta-data
49-->[:unityLibrary] AndroidManifest.xml:33:9-35:33
50            android:name="unity.splash-mode"
50-->[:unityLibrary] AndroidManifest.xml:34:13-45
51            android:value="0" />
51-->[:unityLibrary] AndroidManifest.xml:35:13-30
52        <meta-data
52-->[:unityLibrary] AndroidManifest.xml:36:9-38:36
53            android:name="unity.splash-enable"
53-->[:unityLibrary] AndroidManifest.xml:37:13-47
54            android:value="True" />
54-->[:unityLibrary] AndroidManifest.xml:38:13-33
55        <meta-data
55-->[:unityLibrary] AndroidManifest.xml:39:9-41:36
56            android:name="unity.launch-fullscreen"
56-->[:unityLibrary] AndroidManifest.xml:40:13-51
57            android:value="True" />
57-->[:unityLibrary] AndroidManifest.xml:41:13-33
58        <meta-data
58-->[:unityLibrary] AndroidManifest.xml:42:9-44:36
59            android:name="unity.render-outside-safearea"
59-->[:unityLibrary] AndroidManifest.xml:43:13-57
60            android:value="True" />
60-->[:unityLibrary] AndroidManifest.xml:44:13-33
61        <meta-data
61-->[:unityLibrary] AndroidManifest.xml:45:9-47:50
62            android:name="notch.config"
62-->[:unityLibrary] AndroidManifest.xml:46:13-40
63            android:value="portrait|landscape" />
63-->[:unityLibrary] AndroidManifest.xml:47:13-47
64        <meta-data
64-->[:unityLibrary] AndroidManifest.xml:48:9-50:36
65            android:name="unity.auto-report-fully-drawn"
65-->[:unityLibrary] AndroidManifest.xml:49:13-57
66            android:value="true" />
66-->[:unityLibrary] AndroidManifest.xml:50:13-33
67
68        <activity
68-->[:unityLibrary] AndroidManifest.xml:52:9-73:20
69            android:name="com.unity3d.player.UnityPlayerActivity"
69-->[:unityLibrary] AndroidManifest.xml:53:13-66
70            android:configChanges="mcc|mnc|locale|touchscreen|keyboard|keyboardHidden|navigation|orientation|screenLayout|uiMode|screenSize|smallestScreenSize|fontScale|layoutDirection|density"
70-->[:unityLibrary] AndroidManifest.xml:54:13-194
71            android:exported="true"
71-->[:unityLibrary] AndroidManifest.xml:55:13-36
72            android:hardwareAccelerated="false"
72-->[:unityLibrary] AndroidManifest.xml:56:13-48
73            android:launchMode="singleTask"
73-->[:unityLibrary] AndroidManifest.xml:57:13-44
74            android:resizeableActivity="false"
74-->[:unityLibrary] AndroidManifest.xml:58:13-47
75            android:screenOrientation="fullUser"
75-->[:unityLibrary] AndroidManifest.xml:59:13-49
76            android:theme="@style/UnityThemeSelector" >
76-->[:unityLibrary] AndroidManifest.xml:60:13-54
77            <intent-filter>
77-->[:unityLibrary] AndroidManifest.xml:61:13-65:29
78                <category android:name="android.intent.category.LAUNCHER" />
78-->[:unityLibrary] AndroidManifest.xml:62:17-77
78-->[:unityLibrary] AndroidManifest.xml:62:27-74
79
80                <action android:name="android.intent.action.MAIN" />
80-->[:unityLibrary] AndroidManifest.xml:64:17-69
80-->[:unityLibrary] AndroidManifest.xml:64:25-66
81            </intent-filter>
82
83            <meta-data
83-->[:unityLibrary] AndroidManifest.xml:67:13-69:40
84                android:name="unityplayer.UnityActivity"
84-->[:unityLibrary] AndroidManifest.xml:68:17-57
85                android:value="true" />
85-->[:unityLibrary] AndroidManifest.xml:69:17-37
86            <meta-data
86-->[:unityLibrary] AndroidManifest.xml:70:13-72:40
87                android:name="notch_support"
87-->[:unityLibrary] AndroidManifest.xml:71:17-45
88                android:value="true" />
88-->[:unityLibrary] AndroidManifest.xml:72:17-37
89        </activity>
90
91        <meta-data
91-->[:unityLibrary] AndroidManifest.xml:75:9-77:36
92            android:name="unityplayer.SkipPermissionsDialog"
92-->[:unityLibrary] AndroidManifest.xml:76:13-61
93            android:value="true" />
93-->[:unityLibrary] AndroidManifest.xml:77:13-33
94        <meta-data
94-->[:unityLibrary] AndroidManifest.xml:78:9-80:40
95            android:name="com.google.ar.core"
95-->[:unityLibrary] AndroidManifest.xml:79:13-46
96            android:value="required" /> <!-- The minimal version code of ARCore APK required for an app using this SDK. -->
96-->[:unityLibrary] AndroidManifest.xml:80:13-37
97        <meta-data
97-->[:arcore_client:] AndroidManifest.xml:36:9-38:41
98            android:name="com.google.ar.core.min_apk_version"
98-->[:arcore_client:] AndroidManifest.xml:37:13-62
99            android:value="220920000" /> <!-- This activity is critical for installing ARCore when it is not already present. -->
99-->[:arcore_client:] AndroidManifest.xml:38:13-38
100        <activity
100-->[:arcore_client:] AndroidManifest.xml:40:9-46:80
101            android:name="com.google.ar.core.InstallActivity"
101-->[:arcore_client:] AndroidManifest.xml:41:13-62
102            android:configChanges="keyboardHidden|orientation|screenSize"
102-->[:arcore_client:] AndroidManifest.xml:42:13-74
103            android:excludeFromRecents="true"
103-->[:arcore_client:] AndroidManifest.xml:43:13-46
104            android:exported="false"
104-->[:arcore_client:] AndroidManifest.xml:44:13-37
105            android:launchMode="singleTop"
105-->[:arcore_client:] AndroidManifest.xml:45:13-43
106            android:theme="@android:style/Theme.Material.Light.Dialog.Alert" />
106-->[:arcore_client:] AndroidManifest.xml:46:13-77
107    </application>
108
109</manifest>